This file contains any messages produced by compilers while
running configure, to aid debugging if configure makes a mistake.

It was created by configure, which was
generated by GNU Autoconf 2.69.  Invocation command line was

  $ ./configure 

## --------- ##
## Platform. ##
## --------- ##

hostname = quixom
uname -m = x86_64
uname -r = 4.15.0-29-generic
uname -s = Linux
uname -v = #31~16.04.1-Ubuntu SMP Wed Jul 18 08:54:04 UTC 2018

/usr/bin/uname -p = unknown
/bin/uname -X     = unknown

/bin/arch              = unknown
/usr/bin/arch -k       = unknown
/usr/convex/getsysinfo = unknown
/usr/bin/hostinfo      = unknown
/bin/machine           = unknown
/usr/bin/oslevel       = unknown
/bin/universe          = unknown

PATH: /home/quixom/projects/geo_projs/venv_geodjango/bin
PATH: /usr/local/sbin
PATH: /usr/local/bin
PATH: /usr/sbin
PATH: /usr/bin
PATH: /sbin
PATH: /bin
PATH: /usr/games
PATH: /usr/local/games


## ----------- ##
## Core tests. ##
## ----------- ##

configure:2522: checking build system type
configure:2536: result: x86_64-pc-linux-gnu
configure:2556: checking host system type
configure:2569: result: x86_64-pc-linux-gnu
configure:2589: checking target system type
configure:2602: result: x86_64-pc-linux-gnu
configure:2664: checking for a BSD-compatible install
configure:2732: result: /usr/bin/install -c
configure:2743: checking whether build environment is sane
configure:2798: result: yes
configure:2949: checking for a thread-safe mkdir -p
configure:2988: result: /bin/mkdir -p
configure:2995: checking for gawk
configure:3025: result: no
configure:2995: checking for mawk
configure:3011: found /usr/bin/mawk
configure:3022: result: mawk
configure:3033: checking whether make sets $(MAKE)
configure:3055: result: yes
configure:3084: checking whether make supports nested variables
configure:3101: result: yes
configure:3220: checking whether to enable maintainer-specific portions of Makefiles
configure:3229: result: no
configure:3292: checking for gcc
configure:3308: found /usr/bin/gcc
configure:3319: result: gcc
configure:3548: checking for C compiler version
configure:3557: gcc --version >&5
gcc (Ubuntu 5.4.0-6ubuntu1~16.04.10) 5.4.0 20160609
Copyright (C) 2015 Free Software Foundation, Inc.
This is free software; see the source for copying conditions.  There is NO
warranty; not even for MERCHANTABILITY or FITNESS FOR A PARTICULAR PURPOSE.

configure:3568: $? = 0
configure:3557: gcc -v >&5
Using built-in specs.
COLLECT_GCC=gcc
COLLECT_LTO_WRAPPER=/usr/lib/gcc/x86_64-linux-gnu/5/lto-wrapper
Target: x86_64-linux-gnu
Configured with: ../src/configure -v --with-pkgversion='Ubuntu 5.4.0-6ubuntu1~16.04.10' --with-bugurl=file:///usr/share/doc/gcc-5/README.Bugs --enable-languages=c,ada,c++,java,go,d,fortran,objc,obj-c++ --prefix=/usr --program-suffix=-5 --enable-shared --enable-linker-build-id --libexecdir=/usr/lib --without-included-gettext --enable-threads=posix --libdir=/usr/lib --enable-nls --with-sysroot=/ --enable-clocale=gnu --enable-libstdcxx-debug --enable-libstdcxx-time=yes --with-default-libstdcxx-abi=new --enable-gnu-unique-object --disable-vtable-verify --enable-libmpx --enable-plugin --with-system-zlib --disable-browser-plugin --enable-java-awt=gtk --enable-gtk-cairo --with-java-home=/usr/lib/jvm/java-1.5.0-gcj-5-amd64/jre --enable-java-home --with-jvm-root-dir=/usr/lib/jvm/java-1.5.0-gcj-5-amd64 --with-jvm-jar-dir=/usr/lib/jvm-exports/java-1.5.0-gcj-5-amd64 --with-arch-directory=amd64 --with-ecj-jar=/usr/share/java/eclipse-ecj.jar --enable-objc-gc --enable-multiarch --disable-werror --with-arch-32=i686 --with-abi=m64 --with-multilib-list=m32,m64,mx32 --enable-multilib --with-tune=generic --enable-checking=release --build=x86_64-linux-gnu --host=x86_64-linux-gnu --target=x86_64-linux-gnu
Thread model: posix
gcc version 5.4.0 20160609 (Ubuntu 5.4.0-6ubuntu1~16.04.10) 
configure:3568: $? = 0
configure:3557: gcc -V >&5
gcc: error: unrecognized command line option '-V'
gcc: fatal error: no input files
compilation terminated.
configure:3568: $? = 1
configure:3557: gcc -qversion >&5
gcc: error: unrecognized command line option '-qversion'
gcc: fatal error: no input files
compilation terminated.
configure:3568: $? = 1
configure:3588: checking whether the C compiler works
configure:3610: gcc    conftest.c  >&5
configure:3614: $? = 0
configure:3662: result: yes
configure:3665: checking for C compiler default output file name
configure:3667: result: a.out
configure:3673: checking for suffix of executables
configure:3680: gcc -o conftest    conftest.c  >&5
configure:3684: $? = 0
configure:3706: result: 
configure:3728: checking whether we are cross compiling
configure:3736: gcc -o conftest    conftest.c  >&5
configure:3740: $? = 0
configure:3747: ./conftest
configure:3751: $? = 0
configure:3766: result: no
configure:3771: checking for suffix of object files
configure:3793: gcc -c   conftest.c >&5
configure:3797: $? = 0
configure:3818: result: o
configure:3822: checking whether we are using the GNU C compiler
configure:3841: gcc -c   conftest.c >&5
configure:3841: $? = 0
configure:3850: result: yes
configure:3859: checking whether gcc accepts -g
configure:3879: gcc -c -g  conftest.c >&5
configure:3879: $? = 0
configure:3920: result: yes
configure:3937: checking for gcc option to accept ISO C89
configure:4000: gcc  -c -g -O2  conftest.c >&5
configure:4000: $? = 0
configure:4013: result: none needed
configure:4038: checking whether gcc understands -c and -o together
configure:4060: gcc -c conftest.c -o conftest2.o
configure:4063: $? = 0
configure:4060: gcc -c conftest.c -o conftest2.o
configure:4063: $? = 0
configure:4075: result: yes
configure:4103: checking for style of include used by make
configure:4131: result: GNU
configure:4157: checking dependency style of gcc
configure:4268: result: gcc3
configure:4637: checking how to print strings
configure:4664: result: printf
configure:4685: checking for a sed that does not truncate output
configure:4749: result: /bin/sed
configure:4767: checking for grep that handles long lines and -e
configure:4825: result: /bin/grep
configure:4830: checking for egrep
configure:4892: result: /bin/grep -E
configure:4897: checking for fgrep
configure:4959: result: /bin/grep -F
configure:4994: checking for ld used by gcc
configure:5061: result: /usr/bin/ld
configure:5068: checking if the linker (/usr/bin/ld) is GNU ld
configure:5083: result: yes
configure:5095: checking for BSD- or MS-compatible name lister (nm)
configure:5149: result: /usr/bin/nm -B
configure:5279: checking the name lister (/usr/bin/nm -B) interface
configure:5286: gcc -c -g -O2  conftest.c >&5
configure:5289: /usr/bin/nm -B "conftest.o"
configure:5292: output
0000000000000000 B some_variable
configure:5299: result: BSD nm
configure:5302: checking whether ln -s works
configure:5306: result: yes
configure:5314: checking the maximum length of command line arguments
configure:5445: result: 1572864
configure:5493: checking how to convert x86_64-pc-linux-gnu file names to x86_64-pc-linux-gnu format
configure:5533: result: func_convert_file_noop
configure:5540: checking how to convert x86_64-pc-linux-gnu file names to toolchain format
configure:5560: result: func_convert_file_noop
configure:5567: checking for /usr/bin/ld option to reload object files
configure:5574: result: -r
configure:5648: checking for objdump
configure:5675: result: objdump
configure:5704: checking how to recognize dependent libraries
configure:5904: result: pass_all
configure:5989: checking for dlltool
configure:6016: result: dlltool
configure:6046: checking how to associate runtime and link libraries
configure:6073: result: printf %s\n
configure:6134: checking for ar
configure:6150: found /usr/bin/ar
configure:6161: result: ar
configure:6198: checking for archiver @FILE support
configure:6215: gcc -c -g -O2  conftest.c >&5
configure:6215: $? = 0
configure:6218: ar cru libconftest.a @conftest.lst >&5
ar: `u' modifier ignored since `D' is the default (see `U')
configure:6221: $? = 0
configure:6226: ar cru libconftest.a @conftest.lst >&5
ar: `u' modifier ignored since `D' is the default (see `U')
ar: conftest.o: No such file or directory
configure:6229: $? = 1
configure:6241: result: @
configure:6299: checking for strip
configure:6315: found /usr/bin/strip
configure:6326: result: strip
configure:6398: checking for ranlib
configure:6414: found /usr/bin/ranlib
configure:6425: result: ranlib
configure:6527: checking command to parse /usr/bin/nm -B output from gcc object
configure:6680: gcc -c -g -O2  conftest.c >&5
configure:6683: $? = 0
configure:6687: /usr/bin/nm -B conftest.o \| sed -n -e 's/^.*[ ]\([ABCDGIRSTW][ABCDGIRSTW]*\)[ ][ ]*\([_A-Za-z][_A-Za-z0-9]*\)$/\1 \2 \2/p' | sed '/ __gnu_lto/d' \> conftest.nm
configure:6690: $? = 0
configure:6756: gcc -o conftest -g -O2   conftest.c conftstm.o >&5
configure:6759: $? = 0
configure:6797: result: ok
configure:6844: checking for sysroot
configure:6874: result: no
configure:6881: checking for a working dd
configure:6919: result: /bin/dd
configure:6923: checking how to truncate binary pipes
configure:6938: result: /bin/dd bs=4096 count=1
configure:7074: gcc -c -g -O2  conftest.c >&5
configure:7077: $? = 0
configure:7267: checking for mt
configure:7283: found /bin/mt
configure:7294: result: mt
configure:7317: checking if mt is a manifest tool
configure:7323: mt '-?'
configure:7331: result: no
configure:8008: checking how to run the C preprocessor
configure:8039: gcc -E  conftest.c
configure:8039: $? = 0
configure:8053: gcc -E  conftest.c
conftest.c:9:28: fatal error: ac_nonexistent.h: No such file or directory
compilation terminated.
configure:8053: $? = 1
configure: failed program was:
| /* confdefs.h */
| #define PACKAGE_NAME ""
| #define PACKAGE_TARNAME ""
| #define PACKAGE_VERSION ""
| #define PACKAGE_STRING ""
| #define PACKAGE_BUGREPORT ""
| #define PACKAGE_URL ""
| /* end confdefs.h.  */
| #include <ac_nonexistent.h>
configure:8078: result: gcc -E
configure:8098: gcc -E  conftest.c
configure:8098: $? = 0
configure:8112: gcc -E  conftest.c
conftest.c:9:28: fatal error: ac_nonexistent.h: No such file or directory
compilation terminated.
configure:8112: $? = 1
configure: failed program was:
| /* confdefs.h */
| #define PACKAGE_NAME ""
| #define PACKAGE_TARNAME ""
| #define PACKAGE_VERSION ""
| #define PACKAGE_STRING ""
| #define PACKAGE_BUGREPORT ""
| #define PACKAGE_URL ""
| /* end confdefs.h.  */
| #include <ac_nonexistent.h>
configure:8141: checking for ANSI C header files
configure:8161: gcc -c -g -O2  conftest.c >&5
configure:8161: $? = 0
configure:8234: gcc -o conftest -g -O2   conftest.c  >&5
configure:8234: $? = 0
configure:8234: ./conftest
configure:8234: $? = 0
configure:8245: result: yes
configure:8258: checking for sys/types.h
configure:8258: gcc -c -g -O2  conftest.c >&5
configure:8258: $? = 0
configure:8258: result: yes
configure:8258: checking for sys/stat.h
configure:8258: gcc -c -g -O2  conftest.c >&5
configure:8258: $? = 0
configure:8258: result: yes
configure:8258: checking for stdlib.h
configure:8258: gcc -c -g -O2  conftest.c >&5
configure:8258: $? = 0
configure:8258: result: yes
configure:8258: checking for string.h
configure:8258: gcc -c -g -O2  conftest.c >&5
configure:8258: $? = 0
configure:8258: result: yes
configure:8258: checking for memory.h
configure:8258: gcc -c -g -O2  conftest.c >&5
configure:8258: $? = 0
configure:8258: result: yes
configure:8258: checking for strings.h
configure:8258: gcc -c -g -O2  conftest.c >&5
configure:8258: $? = 0
configure:8258: result: yes
configure:8258: checking for inttypes.h
configure:8258: gcc -c -g -O2  conftest.c >&5
configure:8258: $? = 0
configure:8258: result: yes
configure:8258: checking for stdint.h
configure:8258: gcc -c -g -O2  conftest.c >&5
configure:8258: $? = 0
configure:8258: result: yes
configure:8258: checking for unistd.h
configure:8258: gcc -c -g -O2  conftest.c >&5
configure:8258: $? = 0
configure:8258: result: yes
configure:8272: checking for dlfcn.h
configure:8272: gcc -c -g -O2  conftest.c >&5
configure:8272: $? = 0
configure:8272: result: yes
configure:8524: checking for objdir
configure:8539: result: .libs
configure:8803: checking if gcc supports -fno-rtti -fno-exceptions
configure:8821: gcc -c -g -O2  -fno-rtti -fno-exceptions conftest.c >&5
cc1: warning: command line option '-fno-rtti' is valid for C++/ObjC++ but not for C
configure:8825: $? = 0
configure:8838: result: no
configure:9196: checking for gcc option to produce PIC
configure:9203: result: -fPIC -DPIC
configure:9211: checking if gcc PIC flag -fPIC -DPIC works
configure:9229: gcc -c -g -O2  -fPIC -DPIC -DPIC conftest.c >&5
configure:9233: $? = 0
configure:9246: result: yes
configure:9275: checking if gcc static flag -static works
configure:9303: result: yes
configure:9318: checking if gcc supports -c -o file.o
configure:9339: gcc -c -g -O2  -o out/conftest2.o conftest.c >&5
configure:9343: $? = 0
configure:9365: result: yes
configure:9373: checking if gcc supports -c -o file.o
configure:9420: result: yes
configure:9453: checking whether the gcc linker (/usr/bin/ld -m elf_x86_64) supports shared libraries
configure:10716: result: yes
configure:10753: checking whether -lc should be explicitly linked in
configure:10761: gcc -c -g -O2  conftest.c >&5
configure:10764: $? = 0
configure:10779: gcc -shared  -fPIC -DPIC conftest.o  -v -Wl,-soname -Wl,conftest -o conftest 2\>\&1 \| /bin/grep  -lc  \>/dev/null 2\>\&1
configure:10782: $? = 0
configure:10796: result: no
configure:10956: checking dynamic linker characteristics
configure:11537: gcc -o conftest -g -O2   -Wl,-rpath -Wl,/foo conftest.c  >&5
configure:11537: $? = 0
configure:11786: result: GNU/Linux ld.so
configure:11908: checking how to hardcode library paths into programs
configure:11933: result: immediate
configure:12035: checking for shl_load
configure:12035: gcc -o conftest -g -O2   conftest.c  >&5
/tmp/ccoSrEct.o: In function `main':
/home/quixom/projects/geo_projs/world/data/geos-3.5.1/conftest.c:55: undefined reference to `shl_load'
collect2: error: ld returned 1 exit status
configure:12035: $? = 1
configure: failed program was:
| /* confdefs.h */
| #define PACKAGE_NAME ""
| #define PACKAGE_TARNAME ""
| #define PACKAGE_VERSION ""
| #define PACKAGE_STRING ""
| #define PACKAGE_BUGREPORT ""
| #define PACKAGE_URL ""
| #define STDC_HEADERS 1
| #define HAVE_SYS_TYPES_H 1
| #define HAVE_SYS_STAT_H 1
| #define HAVE_STDLIB_H 1
| #define HAVE_STRING_H 1
| #define HAVE_MEMORY_H 1
| #define HAVE_STRINGS_H 1
| #define HAVE_INTTYPES_H 1
| #define HAVE_STDINT_H 1
| #define HAVE_UNISTD_H 1
| #define HAVE_DLFCN_H 1
| #define LT_OBJDIR ".libs/"
| /* end confdefs.h.  */
| /* Define shl_load to an innocuous variant, in case <limits.h> declares shl_load.
|    For example, HP-UX 11i <limits.h> declares gettimeofday.  */
| #define shl_load innocuous_shl_load
| 
| /* System header to define __stub macros and hopefully few prototypes,
|     which can conflict with char shl_load (); below.
|     Prefer <limits.h> to <assert.h> if __STDC__ is defined, since
|     <limits.h> exists even on freestanding compilers.  */
| 
| #ifdef __STDC__
| # include <limits.h>
| #else
| # include <assert.h>
| #endif
| 
| #undef shl_load
| 
| /* Override any GCC internal prototype to avoid an error.
|    Use char because int might match the return type of a GCC
|    builtin and then its argument prototype would still apply.  */
| #ifdef __cplusplus
| extern "C"
| #endif
| char shl_load ();
| /* The GNU C library defines this for functions which it implements
|     to always fail with ENOSYS.  Some functions are actually named
|     something starting with __ and the normal name is an alias.  */
| #if defined __stub_shl_load || defined __stub___shl_load
| choke me
| #endif
| 
| int
| main ()
| {
| return shl_load ();
|   ;
|   return 0;
| }
configure:12035: result: no
configure:12039: checking for shl_load in -ldld
configure:12064: gcc -o conftest -g -O2   conftest.c -ldld   >&5
/usr/bin/ld: cannot find -ldld
collect2: error: ld returned 1 exit status
configure:12064: $? = 1
configure: failed program was:
| /* confdefs.h */
| #define PACKAGE_NAME ""
| #define PACKAGE_TARNAME ""
| #define PACKAGE_VERSION ""
| #define PACKAGE_STRING ""
| #define PACKAGE_BUGREPORT ""
| #define PACKAGE_URL ""
| #define STDC_HEADERS 1
| #define HAVE_SYS_TYPES_H 1
| #define HAVE_SYS_STAT_H 1
| #define HAVE_STDLIB_H 1
| #define HAVE_STRING_H 1
| #define HAVE_MEMORY_H 1
| #define HAVE_STRINGS_H 1
| #define HAVE_INTTYPES_H 1
| #define HAVE_STDINT_H 1
| #define HAVE_UNISTD_H 1
| #define HAVE_DLFCN_H 1
| #define LT_OBJDIR ".libs/"
| /* end confdefs.h.  */
| 
| /* Override any GCC internal prototype to avoid an error.
|    Use char because int might match the return type of a GCC
|    builtin and then its argument prototype would still apply.  */
| #ifdef __cplusplus
| extern "C"
| #endif
| char shl_load ();
| int
| main ()
| {
| return shl_load ();
|   ;
|   return 0;
| }
configure:12073: result: no
configure:12078: checking for dlopen
configure:12078: gcc -o conftest -g -O2   conftest.c  >&5
/tmp/cc6yu9pA.o: In function `main':
/home/quixom/projects/geo_projs/world/data/geos-3.5.1/conftest.c:55: undefined reference to `dlopen'
collect2: error: ld returned 1 exit status
configure:12078: $? = 1
configure: failed program was:
| /* confdefs.h */
| #define PACKAGE_NAME ""
| #define PACKAGE_TARNAME ""
| #define PACKAGE_VERSION ""
| #define PACKAGE_STRING ""
| #define PACKAGE_BUGREPORT ""
| #define PACKAGE_URL ""
| #define STDC_HEADERS 1
| #define HAVE_SYS_TYPES_H 1
| #define HAVE_SYS_STAT_H 1
| #define HAVE_STDLIB_H 1
| #define HAVE_STRING_H 1
| #define HAVE_MEMORY_H 1
| #define HAVE_STRINGS_H 1
| #define HAVE_INTTYPES_H 1
| #define HAVE_STDINT_H 1
| #define HAVE_UNISTD_H 1
| #define HAVE_DLFCN_H 1
| #define LT_OBJDIR ".libs/"
| /* end confdefs.h.  */
| /* Define dlopen to an innocuous variant, in case <limits.h> declares dlopen.
|    For example, HP-UX 11i <limits.h> declares gettimeofday.  */
| #define dlopen innocuous_dlopen
| 
| /* System header to define __stub macros and hopefully few prototypes,
|     which can conflict with char dlopen (); below.
|     Prefer <limits.h> to <assert.h> if __STDC__ is defined, since
|     <limits.h> exists even on freestanding compilers.  */
| 
| #ifdef __STDC__
| # include <limits.h>
| #else
| # include <assert.h>
| #endif
| 
| #undef dlopen
| 
| /* Override any GCC internal prototype to avoid an error.
|    Use char because int might match the return type of a GCC
|    builtin and then its argument prototype would still apply.  */
| #ifdef __cplusplus
| extern "C"
| #endif
| char dlopen ();
| /* The GNU C library defines this for functions which it implements
|     to always fail with ENOSYS.  Some functions are actually named
|     something starting with __ and the normal name is an alias.  */
| #if defined __stub_dlopen || defined __stub___dlopen
| choke me
| #endif
| 
| int
| main ()
| {
| return dlopen ();
|   ;
|   return 0;
| }
configure:12078: result: no
configure:12082: checking for dlopen in -ldl
configure:12107: gcc -o conftest -g -O2   conftest.c -ldl   >&5
configure:12107: $? = 0
configure:12116: result: yes
configure:12235: checking whether a program can dlopen itself
configure:12315: gcc -o conftest -g -O2  -DHAVE_DLFCN_H  -Wl,--export-dynamic conftest.c -ldl  >&5
configure:12318: $? = 0
configure:12336: result: yes
configure:12341: checking whether a statically linked program can dlopen itself
configure:12421: gcc -o conftest -g -O2  -DHAVE_DLFCN_H  -Wl,--export-dynamic -static conftest.c -ldl  >&5
/tmp/ccF2T8MH.o: In function `main':
/home/quixom/projects/geo_projs/world/data/geos-3.5.1/configure:12400: warning: Using 'dlopen' in statically linked applications requires at runtime the shared libraries from the glibc version used for linking
/usr/bin/ld: dynamic STT_GNU_IFUNC symbol `strcmp' with pointer equality in `/usr/lib/gcc/x86_64-linux-gnu/5/../../../x86_64-linux-gnu/libc.a(strcmp.o)' can not be used when making an executable; recompile with -fPIE and relink with -pie
collect2: error: ld returned 1 exit status
configure:12424: $? = 1
configure:12442: result: no
configure:12481: checking whether stripping libraries is possible
configure:12486: result: yes
configure:12521: checking if libtool supports shared libraries
configure:12523: result: yes
configure:12526: checking whether to build shared libraries
configure:12551: result: yes
configure:12554: checking whether to build static libraries
configure:12558: result: yes
configure:12654: checking for g++
configure:12670: found /usr/bin/g++
configure:12681: result: g++
configure:12708: checking for C++ compiler version
configure:12717: g++ --version >&5
g++ (Ubuntu 5.4.0-6ubuntu1~16.04.10) 5.4.0 20160609
Copyright (C) 2015 Free Software Foundation, Inc.
This is free software; see the source for copying conditions.  There is NO
warranty; not even for MERCHANTABILITY or FITNESS FOR A PARTICULAR PURPOSE.

configure:12728: $? = 0
configure:12717: g++ -v >&5
Using built-in specs.
COLLECT_GCC=g++
COLLECT_LTO_WRAPPER=/usr/lib/gcc/x86_64-linux-gnu/5/lto-wrapper
Target: x86_64-linux-gnu
Configured with: ../src/configure -v --with-pkgversion='Ubuntu 5.4.0-6ubuntu1~16.04.10' --with-bugurl=file:///usr/share/doc/gcc-5/README.Bugs --enable-languages=c,ada,c++,java,go,d,fortran,objc,obj-c++ --prefix=/usr --program-suffix=-5 --enable-shared --enable-linker-build-id --libexecdir=/usr/lib --without-included-gettext --enable-threads=posix --libdir=/usr/lib --enable-nls --with-sysroot=/ --enable-clocale=gnu --enable-libstdcxx-debug --enable-libstdcxx-time=yes --with-default-libstdcxx-abi=new --enable-gnu-unique-object --disable-vtable-verify --enable-libmpx --enable-plugin --with-system-zlib --disable-browser-plugin --enable-java-awt=gtk --enable-gtk-cairo --with-java-home=/usr/lib/jvm/java-1.5.0-gcj-5-amd64/jre --enable-java-home --with-jvm-root-dir=/usr/lib/jvm/java-1.5.0-gcj-5-amd64 --with-jvm-jar-dir=/usr/lib/jvm-exports/java-1.5.0-gcj-5-amd64 --with-arch-directory=amd64 --with-ecj-jar=/usr/share/java/eclipse-ecj.jar --enable-objc-gc --enable-multiarch --disable-werror --with-arch-32=i686 --with-abi=m64 --with-multilib-list=m32,m64,mx32 --enable-multilib --with-tune=generic --enable-checking=release --build=x86_64-linux-gnu --host=x86_64-linux-gnu --target=x86_64-linux-gnu
Thread model: posix
gcc version 5.4.0 20160609 (Ubuntu 5.4.0-6ubuntu1~16.04.10) 
configure:12728: $? = 0
configure:12717: g++ -V >&5
g++: error: unrecognized command line option '-V'
g++: fatal error: no input files
compilation terminated.
configure:12728: $? = 1
configure:12717: g++ -qversion >&5
g++: error: unrecognized command line option '-qversion'
g++: fatal error: no input files
compilation terminated.
configure:12728: $? = 1
configure:12732: checking whether we are using the GNU C++ compiler
configure:12751: g++ -c   conftest.cpp >&5
configure:12751: $? = 0
configure:12760: result: yes
configure:12769: checking whether g++ accepts -g
configure:12789: g++ -c -g  conftest.cpp >&5
configure:12789: $? = 0
configure:12830: result: yes
configure:12855: checking dependency style of g++
configure:12966: result: gcc3
configure:12999: checking how to run the C++ preprocessor
configure:13026: g++ -E  conftest.cpp
configure:13026: $? = 0
configure:13040: g++ -E  conftest.cpp
conftest.cpp:21:28: fatal error: ac_nonexistent.h: No such file or directory
compilation terminated.
configure:13040: $? = 1
configure: failed program was:
| /* confdefs.h */
| #define PACKAGE_NAME ""
| #define PACKAGE_TARNAME ""
| #define PACKAGE_VERSION ""
| #define PACKAGE_STRING ""
| #define PACKAGE_BUGREPORT ""
| #define PACKAGE_URL ""
| #define STDC_HEADERS 1
| #define HAVE_SYS_TYPES_H 1
| #define HAVE_SYS_STAT_H 1
| #define HAVE_STDLIB_H 1
| #define HAVE_STRING_H 1
| #define HAVE_MEMORY_H 1
| #define HAVE_STRINGS_H 1
| #define HAVE_INTTYPES_H 1
| #define HAVE_STDINT_H 1
| #define HAVE_UNISTD_H 1
| #define HAVE_DLFCN_H 1
| #define LT_OBJDIR ".libs/"
| /* end confdefs.h.  */
| #include <ac_nonexistent.h>
configure:13065: result: g++ -E
configure:13085: g++ -E  conftest.cpp
configure:13085: $? = 0
configure:13099: g++ -E  conftest.cpp
conftest.cpp:21:28: fatal error: ac_nonexistent.h: No such file or directory
compilation terminated.
configure:13099: $? = 1
configure: failed program was:
| /* confdefs.h */
| #define PACKAGE_NAME ""
| #define PACKAGE_TARNAME ""
| #define PACKAGE_VERSION ""
| #define PACKAGE_STRING ""
| #define PACKAGE_BUGREPORT ""
| #define PACKAGE_URL ""
| #define STDC_HEADERS 1
| #define HAVE_SYS_TYPES_H 1
| #define HAVE_SYS_STAT_H 1
| #define HAVE_STDLIB_H 1
| #define HAVE_STRING_H 1
| #define HAVE_MEMORY_H 1
| #define HAVE_STRINGS_H 1
| #define HAVE_INTTYPES_H 1
| #define HAVE_STDINT_H 1
| #define HAVE_UNISTD_H 1
| #define HAVE_DLFCN_H 1
| #define LT_OBJDIR ".libs/"
| /* end confdefs.h.  */
| #include <ac_nonexistent.h>
configure:13261: checking for ld used by g++
configure:13328: result: /usr/bin/ld -m elf_x86_64
configure:13335: checking if the linker (/usr/bin/ld -m elf_x86_64) is GNU ld
configure:13350: result: yes
configure:13405: checking whether the g++ linker (/usr/bin/ld -m elf_x86_64) supports shared libraries
configure:14478: result: yes
configure:14514: g++ -c -g -O2  conftest.cpp >&5
configure:14517: $? = 0
configure:14998: checking for g++ option to produce PIC
configure:15005: result: -fPIC -DPIC
configure:15013: checking if g++ PIC flag -fPIC -DPIC works
configure:15031: g++ -c -g -O2  -fPIC -DPIC -DPIC conftest.cpp >&5
configure:15035: $? = 0
configure:15048: result: yes
configure:15071: checking if g++ static flag -static works
configure:15099: result: yes
configure:15111: checking if g++ supports -c -o file.o
configure:15132: g++ -c -g -O2  -o out/conftest2.o conftest.cpp >&5
configure:15136: $? = 0
configure:15158: result: yes
configure:15163: checking if g++ supports -c -o file.o
configure:15210: result: yes
configure:15240: checking whether the g++ linker (/usr/bin/ld -m elf_x86_64) supports shared libraries
configure:15283: result: yes
configure:15424: checking dynamic linker characteristics
configure:16181: result: GNU/Linux ld.so
configure:16246: checking how to hardcode library paths into programs
configure:16271: result: immediate
configure:16311: checking for library containing strerror
configure:16342: gcc -o conftest -g -O2   conftest.c  >&5
configure:16342: $? = 0
configure:16359: result: none required
configure:16368: checking whether make sets $(MAKE)
configure:16390: result: yes
configure:16403: checking for dirent.h that defines DIR
configure:16422: gcc -c -g -O2  conftest.c >&5
configure:16422: $? = 0
configure:16430: result: yes
configure:16443: checking for library containing opendir
configure:16474: gcc -o conftest -g -O2   conftest.c  >&5
configure:16474: $? = 0
configure:16491: result: none required
configure:16558: checking whether closedir returns void
configure:16582: gcc -o conftest -g -O2   conftest.c  >&5
configure:16582: $? = 0
configure:16582: ./conftest
configure:16582: $? = 0
configure:16592: result: no
configure:16600: checking for working memcmp
configure:16643: gcc -o conftest -g -O2   conftest.c  >&5
configure:16643: $? = 0
configure:16643: ./conftest
configure:16643: $? = 0
configure:16653: result: yes
configure:16664: checking for strftime
configure:16664: gcc -o conftest -g -O2   conftest.c  >&5
conftest.c:45:6: warning: conflicting types for built-in function 'strftime'
 char strftime ();
      ^
configure:16664: $? = 0
configure:16664: result: yes
configure:16719: checking for vprintf
configure:16719: gcc -o conftest -g -O2   conftest.c  >&5
conftest.c:46:6: warning: conflicting types for built-in function 'vprintf'
 char vprintf ();
      ^
configure:16719: $? = 0
configure:16719: result: yes
configure:16725: checking for _doprnt
configure:16725: gcc -o conftest -g -O2   conftest.c  >&5
/tmp/ccXs4Tsf.o: In function `main':
/home/quixom/projects/geo_projs/world/data/geos-3.5.1/conftest.c:58: undefined reference to `_doprnt'
collect2: error: ld returned 1 exit status
configure:16725: $? = 1
configure: failed program was:
| /* confdefs.h */
| #define PACKAGE_NAME ""
| #define PACKAGE_TARNAME ""
| #define PACKAGE_VERSION ""
| #define PACKAGE_STRING ""
| #define PACKAGE_BUGREPORT ""
| #define PACKAGE_URL ""
| #define STDC_HEADERS 1
| #define HAVE_SYS_TYPES_H 1
| #define HAVE_SYS_STAT_H 1
| #define HAVE_STDLIB_H 1
| #define HAVE_STRING_H 1
| #define HAVE_MEMORY_H 1
| #define HAVE_STRINGS_H 1
| #define HAVE_INTTYPES_H 1
| #define HAVE_STDINT_H 1
| #define HAVE_UNISTD_H 1
| #define HAVE_DLFCN_H 1
| #define LT_OBJDIR ".libs/"
| #define HAVE_DIRENT_H 1
| #define HAVE_STRFTIME 1
| #define HAVE_VPRINTF 1
| /* end confdefs.h.  */
| /* Define _doprnt to an innocuous variant, in case <limits.h> declares _doprnt.
|    For example, HP-UX 11i <limits.h> declares gettimeofday.  */
| #define _doprnt innocuous__doprnt
| 
| /* System header to define __stub macros and hopefully few prototypes,
|     which can conflict with char _doprnt (); below.
|     Prefer <limits.h> to <assert.h> if __STDC__ is defined, since
|     <limits.h> exists even on freestanding compilers.  */
| 
| #ifdef __STDC__
| # include <limits.h>
| #else
| # include <assert.h>
| #endif
| 
| #undef _doprnt
| 
| /* Override any GCC internal prototype to avoid an error.
|    Use char because int might match the return type of a GCC
|    builtin and then its argument prototype would still apply.  */
| #ifdef __cplusplus
| extern "C"
| #endif
| char _doprnt ();
| /* The GNU C library defines this for functions which it implements
|     to always fail with ENOSYS.  Some functions are actually named
|     something starting with __ and the normal name is an alias.  */
| #if defined __stub__doprnt || defined __stub____doprnt
| choke me
| #endif
| 
| int
| main ()
| {
| return _doprnt ();
|   ;
|   return 0;
| }
configure:16725: result: no
configure:16736: checking for size_t
configure:16736: gcc -c -g -O2  conftest.c >&5
configure:16736: $? = 0
configure:16736: gcc -c -g -O2  conftest.c >&5
conftest.c: In function 'main':
conftest.c:60:21: error: expected expression before ')' token
 if (sizeof ((size_t)))
                     ^
configure:16736: $? = 1
configure: failed program was:
| /* confdefs.h */
| #define PACKAGE_NAME ""
| #define PACKAGE_TARNAME ""
| #define PACKAGE_VERSION ""
| #define PACKAGE_STRING ""
| #define PACKAGE_BUGREPORT ""
| #define PACKAGE_URL ""
| #define STDC_HEADERS 1
| #define HAVE_SYS_TYPES_H 1
| #define HAVE_SYS_STAT_H 1
| #define HAVE_STDLIB_H 1
| #define HAVE_STRING_H 1
| #define HAVE_MEMORY_H 1
| #define HAVE_STRINGS_H 1
| #define HAVE_INTTYPES_H 1
| #define HAVE_STDINT_H 1
| #define HAVE_UNISTD_H 1
| #define HAVE_DLFCN_H 1
| #define LT_OBJDIR ".libs/"
| #define HAVE_DIRENT_H 1
| #define HAVE_STRFTIME 1
| #define HAVE_VPRINTF 1
| /* end confdefs.h.  */
| #include <stdio.h>
| #ifdef HAVE_SYS_TYPES_H
| # include <sys/types.h>
| #endif
| #ifdef HAVE_SYS_STAT_H
| # include <sys/stat.h>
| #endif
| #ifdef STDC_HEADERS
| # include <stdlib.h>
| # include <stddef.h>
| #else
| # ifdef HAVE_STDLIB_H
| #  include <stdlib.h>
| # endif
| #endif
| #ifdef HAVE_STRING_H
| # if !defined STDC_HEADERS && defined HAVE_MEMORY_H
| #  include <memory.h>
| # endif
| # include <string.h>
| #endif
| #ifdef HAVE_STRINGS_H
| # include <strings.h>
| #endif
| #ifdef HAVE_INTTYPES_H
| # include <inttypes.h>
| #endif
| #ifdef HAVE_STDINT_H
| # include <stdint.h>
| #endif
| #ifdef HAVE_UNISTD_H
| # include <unistd.h>
| #endif
| int
| main ()
| {
| if (sizeof ((size_t)))
| 	    return 0;
|   ;
|   return 0;
| }
configure:16736: result: yes
configure:16749: checking for working alloca.h
configure:16766: gcc -o conftest -g -O2   conftest.c  >&5
configure:16766: $? = 0
configure:16774: result: yes
configure:16782: checking for alloca
configure:16819: gcc -o conftest -g -O2   conftest.c  >&5
configure:16819: $? = 0
configure:16827: result: yes
configure:16936: checking for dirent.h that defines DIR
configure:16963: result: yes
configure:16976: checking for library containing opendir
configure:17024: result: none required
configure:17091: checking for ANSI C header files
configure:17195: result: yes
configure:17205: checking for memory.h
configure:17205: result: yes
configure:17217: checking for unistd.h
configure:17217: result: yes
configure:17229: checking ieeefp.h usability
configure:17229: gcc -c -g -O2  conftest.c >&5
conftest.c:63:20: fatal error: ieeefp.h: No such file or directory
compilation terminated.
configure:17229: $? = 1
configure: failed program was:
| /* confdefs.h */
| #define PACKAGE_NAME ""
| #define PACKAGE_TARNAME ""
| #define PACKAGE_VERSION ""
| #define PACKAGE_STRING ""
| #define PACKAGE_BUGREPORT ""
| #define PACKAGE_URL ""
| #define STDC_HEADERS 1
| #define HAVE_SYS_TYPES_H 1
| #define HAVE_SYS_STAT_H 1
| #define HAVE_STDLIB_H 1
| #define HAVE_STRING_H 1
| #define HAVE_MEMORY_H 1
| #define HAVE_STRINGS_H 1
| #define HAVE_INTTYPES_H 1
| #define HAVE_STDINT_H 1
| #define HAVE_UNISTD_H 1
| #define HAVE_DLFCN_H 1
| #define LT_OBJDIR ".libs/"
| #define HAVE_DIRENT_H 1
| #define HAVE_STRFTIME 1
| #define HAVE_VPRINTF 1
| #define HAVE_ALLOCA_H 1
| #define HAVE_ALLOCA 1
| #define HAVE_DIRENT_H 1
| #define STDC_HEADERS 1
| #define HAVE_MEMORY_H 1
| #define HAVE_UNISTD_H 1
| /* end confdefs.h.  */
| #include <stdio.h>
| #ifdef HAVE_SYS_TYPES_H
| # include <sys/types.h>
| #endif
| #ifdef HAVE_SYS_STAT_H
| # include <sys/stat.h>
| #endif
| #ifdef STDC_HEADERS
| # include <stdlib.h>
| # include <stddef.h>
| #else
| # ifdef HAVE_STDLIB_H
| #  include <stdlib.h>
| # endif
| #endif
| #ifdef HAVE_STRING_H
| # if !defined STDC_HEADERS && defined HAVE_MEMORY_H
| #  include <memory.h>
| # endif
| # include <string.h>
| #endif
| #ifdef HAVE_STRINGS_H
| # include <strings.h>
| #endif
| #ifdef HAVE_INTTYPES_H
| # include <inttypes.h>
| #endif
| #ifdef HAVE_STDINT_H
| # include <stdint.h>
| #endif
| #ifdef HAVE_UNISTD_H
| # include <unistd.h>
| #endif
| #include <ieeefp.h>
configure:17229: result: no
configure:17229: checking ieeefp.h presence
configure:17229: gcc -E  conftest.c
conftest.c:30:20: fatal error: ieeefp.h: No such file or directory
compilation terminated.
configure:17229: $? = 1
configure: failed program was:
| /* confdefs.h */
| #define PACKAGE_NAME ""
| #define PACKAGE_TARNAME ""
| #define PACKAGE_VERSION ""
| #define PACKAGE_STRING ""
| #define PACKAGE_BUGREPORT ""
| #define PACKAGE_URL ""
| #define STDC_HEADERS 1
| #define HAVE_SYS_TYPES_H 1
| #define HAVE_SYS_STAT_H 1
| #define HAVE_STDLIB_H 1
| #define HAVE_STRING_H 1
| #define HAVE_MEMORY_H 1
| #define HAVE_STRINGS_H 1
| #define HAVE_INTTYPES_H 1
| #define HAVE_STDINT_H 1
| #define HAVE_UNISTD_H 1
| #define HAVE_DLFCN_H 1
| #define LT_OBJDIR ".libs/"
| #define HAVE_DIRENT_H 1
| #define HAVE_STRFTIME 1
| #define HAVE_VPRINTF 1
| #define HAVE_ALLOCA_H 1
| #define HAVE_ALLOCA 1
| #define HAVE_DIRENT_H 1
| #define STDC_HEADERS 1
| #define HAVE_MEMORY_H 1
| #define HAVE_UNISTD_H 1
| /* end confdefs.h.  */
| #include <ieeefp.h>
configure:17229: result: no
configure:17229: checking for ieeefp.h
configure:17229: result: no
configure:17241: checking sys/file.h usability
configure:17241: gcc -c -g -O2  conftest.c >&5
configure:17241: $? = 0
configure:17241: result: yes
configure:17241: checking sys/file.h presence
configure:17241: gcc -E  conftest.c
configure:17241: $? = 0
configure:17241: result: yes
configure:17241: checking for sys/file.h
configure:17241: result: yes
configure:17253: checking sys/time.h usability
configure:17253: gcc -c -g -O2  conftest.c >&5
configure:17253: $? = 0
configure:17253: result: yes
configure:17253: checking sys/time.h presence
configure:17253: gcc -E  conftest.c
configure:17253: $? = 0
configure:17253: result: yes
configure:17253: checking for sys/time.h
configure:17253: result: yes
configure:17266: checking for strchr
configure:17266: gcc -o conftest -g -O2   conftest.c  >&5
conftest.c:55:6: warning: conflicting types for built-in function 'strchr'
 char strchr ();
      ^
configure:17266: $? = 0
configure:17266: result: yes
configure:17266: checking for memcpy
configure:17266: gcc -o conftest -g -O2   conftest.c  >&5
conftest.c:56:6: warning: conflicting types for built-in function 'memcpy'
 char memcpy ();
      ^
configure:17266: $? = 0
configure:17266: result: yes
configure:17266: checking for gettimeofday
configure:17266: gcc -o conftest -g -O2   conftest.c  >&5
configure:17266: $? = 0
configure:17266: result: yes
configure:17275: checking whether stat file-mode macros are broken
configure:17302: gcc -c -g -O2  conftest.c >&5
configure:17302: $? = 0
configure:17309: result: no
configure:17317: checking whether struct tm is in sys/time.h or time.h
configure:17337: gcc -c -g -O2  conftest.c >&5
configure:17337: $? = 0
configure:17344: result: time.h
configure:17352: checking for size_t
configure:17352: result: yes
configure:17363: checking for an ANSI C-conforming const
configure:17429: gcc -c -g -O2  conftest.c >&5
configure:17429: $? = 0
configure:17436: result: yes
configure:17487: checking if requested to force inline functions
configure:17494: result: yes
configure:17501: checking if requested to enable assert macros
configure:17508: result: yes
configure:17512: checking if requested libstdc++ debug mode
configure:17519: result: no
configure:17530: checking if g++ supports -pedantic
configure:17548: gcc -c -g -O2  -pedantic conftest.c >&5
configure:17552: $? = 0
configure:17565: result: yes
configure:17574: checking if g++ supports -Wall
configure:17592: gcc -c -g -O2  -Wall conftest.c >&5
configure:17596: $? = 0
configure:17609: result: yes
configure:17618: checking if g++ supports -ansi
configure:17636: gcc -c -g -O2  -ansi conftest.c >&5
configure:17640: $? = 0
configure:17653: result: yes
configure:17662: checking if g++ supports -Wno-long-long
configure:17680: gcc -c -g -O2  -Wno-long-long conftest.c >&5
configure:17684: $? = 0
configure:17697: result: yes
configure:17709: checking if g++ supports -ffloat-store
configure:17727: gcc -c -g -O2  -ffloat-store conftest.c >&5
configure:17731: $? = 0
configure:17744: result: yes
configure:17764: checking for finite
configure:17780: gcc -o conftest -g -O2   conftest.c  -lm >&5
configure:17780: $? = 0
configure:17789: result: yes
configure:17797: checking for isfinite
configure:17813: gcc -o conftest -g -O2   conftest.c  -lm >&5
configure:17813: $? = 0
configure:17822: result: yes
configure:17837: checking for isnan
configure:17853: g++ -o conftest -g -O2   conftest.cpp  -lm >&5
configure:17853: $? = 0
configure:17862: result: yes
configure:17880: checking whether int64_t is 64 bits
configure:17940: gcc -o conftest -g -O2   conftest.c  >&5
conftest.c:38:9: error: unknown type name 'int64_t'
 typedef int64_t ac_int64;
         ^
conftest.c:61:1: warning: return type defaults to 'int' [-Wimplicit-int]
 main() {
 ^
conftest.c: In function 'main':
conftest.c:63:5: warning: implicit declaration of function 'exit' [-Wimplicit-function-declaration]
     exit(0);
     ^
conftest.c:63:5: warning: incompatible implicit declaration of built-in function 'exit'
conftest.c:63:5: note: include '<stdlib.h>' or provide a declaration of 'exit'
conftest.c:64:3: warning: incompatible implicit declaration of built-in function 'exit'
   exit(-1);
   ^
conftest.c:64:3: note: include '<stdlib.h>' or provide a declaration of 'exit'
configure:17940: $? = 1
configure: program exited with status 1
configure: failed program was:
| /* confdefs.h */
| #define PACKAGE_NAME ""
| #define PACKAGE_TARNAME ""
| #define PACKAGE_VERSION ""
| #define PACKAGE_STRING ""
| #define PACKAGE_BUGREPORT ""
| #define PACKAGE_URL ""
| #define STDC_HEADERS 1
| #define HAVE_SYS_TYPES_H 1
| #define HAVE_SYS_STAT_H 1
| #define HAVE_STDLIB_H 1
| #define HAVE_STRING_H 1
| #define HAVE_MEMORY_H 1
| #define HAVE_STRINGS_H 1
| #define HAVE_INTTYPES_H 1
| #define HAVE_STDINT_H 1
| #define HAVE_UNISTD_H 1
| #define HAVE_DLFCN_H 1
| #define LT_OBJDIR ".libs/"
| #define HAVE_DIRENT_H 1
| #define HAVE_STRFTIME 1
| #define HAVE_VPRINTF 1
| #define HAVE_ALLOCA_H 1
| #define HAVE_ALLOCA 1
| #define HAVE_DIRENT_H 1
| #define STDC_HEADERS 1
| #define HAVE_MEMORY_H 1
| #define HAVE_UNISTD_H 1
| #define HAVE_SYS_FILE_H 1
| #define HAVE_SYS_TIME_H 1
| #define HAVE_STRCHR 1
| #define HAVE_MEMCPY 1
| #define HAVE_GETTIMEOFDAY 1
| #define HAVE_FINITE 1
| #define HAVE_ISFINITE 1
| #define HAVE_ISNAN 1
| /* end confdefs.h.  */
| typedef int64_t ac_int64;
| 
| /*
|  * These are globals to discourage the compiler from folding all the
|  * arithmetic tests down to compile-time constants.
|  */
| ac_int64 a = 20000001;
| ac_int64 b = 40000005;
| 
| int does_int64_work()
| {
|   ac_int64 c,d;
| 
|   if (sizeof(ac_int64) != 8)
|     return 0;			/* definitely not the right size */
| 
|   /* Do perfunctory checks to see if 64-bit arithmetic seems to work */
|   c = a * b;
|   d = (c + b) / b;
|   if (d != a+1)
|     return 0;
|   return 1;
| }
| main() {
|   if (does_int64_work())
|     exit(0);
|   exit(-1);
| }
configure:17950: result: no
configure:17961: checking whether long long int is 64 bits
configure:18021: gcc -o conftest -g -O2   conftest.c  >&5
conftest.c:61:1: warning: return type defaults to 'int' [-Wimplicit-int]
 main() {
 ^
conftest.c: In function 'main':
conftest.c:63:5: warning: implicit declaration of function 'exit' [-Wimplicit-function-declaration]
     exit(0);
     ^
conftest.c:63:5: warning: incompatible implicit declaration of built-in function 'exit'
conftest.c:63:5: note: include '<stdlib.h>' or provide a declaration of 'exit'
conftest.c:64:3: warning: incompatible implicit declaration of built-in function 'exit'
   exit(-1);
   ^
conftest.c:64:3: note: include '<stdlib.h>' or provide a declaration of 'exit'
configure:18021: $? = 0
configure:18021: ./conftest
configure:18021: $? = 0
configure:18031: result: yes
configure:18820: checking OS-specific settings
configure:18984: checking that generated files are newer than configure
configure:18990: result: done
configure:19045: creating ./config.status

## ---------------------- ##
## Running config.status. ##
## ---------------------- ##

This file was extended by config.status, which was
generated by GNU Autoconf 2.69.  Invocation command line was

  CONFIG_FILES    = 
  CONFIG_HEADERS  = 
  CONFIG_LINKS    = 
  CONFIG_COMMANDS = 
  $ ./config.status 

on quixom

config.status:1338: creating Makefile
config.status:1338: creating capi/Makefile
config.status:1338: creating capi/geos_c.h
config.status:1338: creating doc/Doxyfile
config.status:1338: creating doc/Makefile
config.status:1338: creating macros/Makefile
config.status:1338: creating src/Makefile
config.status:1338: creating src/algorithm/Makefile
config.status:1338: creating src/algorithm/locate/Makefile
config.status:1338: creating src/algorithm/distance/Makefile
config.status:1338: creating src/geom/Makefile
config.status:1338: creating src/geom/prep/Makefile
config.status:1338: creating src/geom/util/Makefile
config.status:1338: creating src/geomgraph/Makefile
config.status:1338: creating src/geomgraph/index/Makefile
config.status:1338: creating include/Makefile
config.status:1338: creating include/geos/Makefile
config.status:1338: creating include/geos/algorithm/Makefile
config.status:1338: creating include/geos/algorithm/locate/Makefile
config.status:1338: creating include/geos/algorithm/distance/Makefile
config.status:1338: creating include/geos/geom/Makefile
config.status:1338: creating include/geos/geom/prep/Makefile
config.status:1338: creating include/geos/geom/util/Makefile
config.status:1338: creating include/geos/geomgraph/Makefile
config.status:1338: creating include/geos/geomgraph/index/Makefile
config.status:1338: creating include/geos/index/Makefile
config.status:1338: creating include/geos/index/bintree/Makefile
config.status:1338: creating include/geos/index/chain/Makefile
config.status:1338: creating include/geos/index/intervalrtree/Makefile
config.status:1338: creating include/geos/index/quadtree/Makefile
config.status:1338: creating include/geos/index/strtree/Makefile
config.status:1338: creating include/geos/index/sweepline/Makefile
config.status:1338: creating include/geos/io/Makefile
config.status:1338: creating include/geos/linearref/Makefile
config.status:1338: creating include/geos/noding/Makefile
config.status:1338: creating include/geos/noding/snapround/Makefile
config.status:1338: creating include/geos/operation/Makefile
config.status:1338: creating include/geos/operation/buffer/Makefile
config.status:1338: creating include/geos/operation/distance/Makefile
config.status:1338: creating include/geos/operation/intersection/Makefile
config.status:1338: creating include/geos/operation/linemerge/Makefile
config.status:1338: creating include/geos/operation/overlay/Makefile
config.status:1338: creating include/geos/operation/overlay/snap/Makefile
config.status:1338: creating include/geos/operation/polygonize/Makefile
config.status:1338: creating include/geos/operation/predicate/Makefile
config.status:1338: creating include/geos/operation/relate/Makefile
config.status:1338: creating include/geos/operation/sharedpaths/Makefile
config.status:1338: creating include/geos/operation/union/Makefile
config.status:1338: creating include/geos/operation/valid/Makefile
config.status:1338: creating include/geos/planargraph/Makefile
config.status:1338: creating include/geos/planargraph/algorithm/Makefile
config.status:1338: creating include/geos/precision/Makefile
config.status:1338: creating include/geos/simplify/Makefile
config.status:1338: creating include/geos/triangulate/Makefile
config.status:1338: creating include/geos/triangulate/quadedge/Makefile
config.status:1338: creating include/geos/util/Makefile
config.status:1338: creating include/geos/version.h
config.status:1338: creating src/index/Makefile
config.status:1338: creating src/index/bintree/Makefile
config.status:1338: creating src/index/chain/Makefile
config.status:1338: creating src/index/intervalrtree/Makefile
config.status:1338: creating src/index/quadtree/Makefile
config.status:1338: creating src/index/strtree/Makefile
config.status:1338: creating src/index/sweepline/Makefile
config.status:1338: creating src/io/Makefile
config.status:1338: creating src/linearref/Makefile
config.status:1338: creating src/noding/Makefile
config.status:1338: creating src/noding/snapround/Makefile
config.status:1338: creating src/operation/Makefile
config.status:1338: creating src/operation/buffer/Makefile
config.status:1338: creating src/operation/distance/Makefile
config.status:1338: creating src/operation/intersection/Makefile
config.status:1338: creating src/operation/linemerge/Makefile
config.status:1338: creating src/operation/overlay/Makefile
config.status:1338: creating src/operation/polygonize/Makefile
config.status:1338: creating src/operation/predicate/Makefile
config.status:1338: creating src/operation/relate/Makefile
config.status:1338: creating src/operation/sharedpaths/Makefile
config.status:1338: creating src/operation/union/Makefile
config.status:1338: creating src/operation/valid/Makefile
config.status:1338: creating src/planargraph/Makefile
config.status:1338: creating src/precision/Makefile
config.status:1338: creating src/simplify/Makefile
config.status:1338: creating src/triangulate/Makefile
config.status:1338: creating src/triangulate/quadedge/Makefile
config.status:1338: creating src/util/Makefile
config.status:1338: creating swig/geos.i
config.status:1338: creating swig/Makefile
config.status:1338: creating swig/python/Makefile
config.status:1338: creating swig/python/tests/Makefile
config.status:1338: creating swig/ruby/Makefile
config.status:1338: creating swig/ruby/test/Makefile
config.status:1338: creating php/Makefile
config.status:1338: creating php/test/Makefile
config.status:1338: creating tests/Makefile
config.status:1338: creating tests/bigtest/Makefile
config.status:1338: creating tests/unit/Makefile
config.status:1338: creating tests/perf/Makefile
config.status:1338: creating tests/perf/operation/Makefile
config.status:1338: creating tests/perf/operation/buffer/Makefile
config.status:1338: creating tests/perf/operation/predicate/Makefile
config.status:1338: creating tests/perf/capi/Makefile
config.status:1338: creating tests/xmltester/Makefile
config.status:1338: creating tests/geostest/Makefile
config.status:1338: creating tests/thread/Makefile
config.status:1338: creating tools/Makefile
config.status:1338: creating tools/geos-config
config.status:1338: creating include/config.h
config.status:1338: creating include/geos/platform.h
config.status:1567: executing depfiles commands
config.status:1567: executing libtool commands

## ---------------- ##
## Cache variables. ##
## ---------------- ##

ac_cv_build=x86_64-pc-linux-gnu
ac_cv_c_compiler_gnu=yes
ac_cv_c_const=yes
ac_cv_cxx_compiler_gnu=yes
ac_cv_env_CCC_set=
ac_cv_env_CCC_value=
ac_cv_env_CC_set=
ac_cv_env_CC_value=
ac_cv_env_CFLAGS_set=
ac_cv_env_CFLAGS_value=
ac_cv_env_CPPFLAGS_set=
ac_cv_env_CPPFLAGS_value=
ac_cv_env_CPP_set=
ac_cv_env_CPP_value=
ac_cv_env_CXXCPP_set=
ac_cv_env_CXXCPP_value=
ac_cv_env_CXXFLAGS_set=
ac_cv_env_CXXFLAGS_value=
ac_cv_env_CXX_set=
ac_cv_env_CXX_value=
ac_cv_env_LDFLAGS_set=
ac_cv_env_LDFLAGS_value=
ac_cv_env_LIBS_set=
ac_cv_env_LIBS_value=
ac_cv_env_LT_SYS_LIBRARY_PATH_set=
ac_cv_env_LT_SYS_LIBRARY_PATH_value=
ac_cv_env_build_alias_set=
ac_cv_env_build_alias_value=
ac_cv_env_host_alias_set=
ac_cv_env_host_alias_value=
ac_cv_env_target_alias_set=
ac_cv_env_target_alias_value=
ac_cv_finite=yes
ac_cv_func__doprnt=no
ac_cv_func_alloca_works=yes
ac_cv_func_closedir_void=no
ac_cv_func_dlopen=no
ac_cv_func_gettimeofday=yes
ac_cv_func_memcmp_working=yes
ac_cv_func_memcpy=yes
ac_cv_func_shl_load=no
ac_cv_func_strchr=yes
ac_cv_func_strftime=yes
ac_cv_func_vprintf=yes
ac_cv_header_dirent_dirent_h=yes
ac_cv_header_dlfcn_h=yes
ac_cv_header_ieeefp_h=no
ac_cv_header_inttypes_h=yes
ac_cv_header_memory_h=yes
ac_cv_header_stat_broken=no
ac_cv_header_stdc=yes
ac_cv_header_stdint_h=yes
ac_cv_header_stdlib_h=yes
ac_cv_header_string_h=yes
ac_cv_header_strings_h=yes
ac_cv_header_sys_file_h=yes
ac_cv_header_sys_stat_h=yes
ac_cv_header_sys_time_h=yes
ac_cv_header_sys_types_h=yes
ac_cv_header_unistd_h=yes
ac_cv_host=x86_64-pc-linux-gnu
ac_cv_isfinite=yes
ac_cv_isnan=yes
ac_cv_lib_dl_dlopen=yes
ac_cv_lib_dld_shl_load=no
ac_cv_objext=o
ac_cv_path_EGREP='/bin/grep -E'
ac_cv_path_FGREP='/bin/grep -F'
ac_cv_path_GREP=/bin/grep
ac_cv_path_SED=/bin/sed
ac_cv_path_install='/usr/bin/install -c'
ac_cv_path_lt_DD=/bin/dd
ac_cv_path_mkdir=/bin/mkdir
ac_cv_prog_AWK=mawk
ac_cv_prog_CPP='gcc -E'
ac_cv_prog_CXXCPP='g++ -E'
ac_cv_prog_ac_ct_AR=ar
ac_cv_prog_ac_ct_CC=gcc
ac_cv_prog_ac_ct_CXX=g++
ac_cv_prog_ac_ct_DLLTOOL=dlltool
ac_cv_prog_ac_ct_MANIFEST_TOOL=mt
ac_cv_prog_ac_ct_OBJDUMP=objdump
ac_cv_prog_ac_ct_RANLIB=ranlib
ac_cv_prog_ac_ct_STRIP=strip
ac_cv_prog_cc_c89=
ac_cv_prog_cc_g=yes
ac_cv_prog_cxx_g=yes
ac_cv_prog_make_make_set=yes
ac_cv_search_opendir='none required'
ac_cv_search_strerror='none required'
ac_cv_struct_tm=time.h
ac_cv_target=x86_64-pc-linux-gnu
ac_cv_type_size_t=yes
ac_cv_working_alloca_h=yes
am_cv_CC_dependencies_compiler_type=gcc3
am_cv_CXX_dependencies_compiler_type=gcc3
am_cv_make_support_nested_variables=yes
am_cv_prog_cc_c_o=yes
dummy_cv_ansi=yes
dummy_cv_ffloat_store=yes
dummy_cv_no_long_long=yes
dummy_cv_pedantic=yes
dummy_cv_wall=yes
lt_cv_ar_at_file=@
lt_cv_archive_cmds_need_lc=no
lt_cv_deplibs_check_method=pass_all
lt_cv_dlopen=dlopen
lt_cv_dlopen_libs=-ldl
lt_cv_dlopen_self=yes
lt_cv_dlopen_self_static=no
lt_cv_file_magic_cmd='$MAGIC_CMD'
lt_cv_file_magic_test_file=
lt_cv_ld_reload_flag=-r
lt_cv_nm_interface='BSD nm'
lt_cv_objdir=.libs
lt_cv_path_LD=/usr/bin/ld
lt_cv_path_LDCXX='/usr/bin/ld -m elf_x86_64'
lt_cv_path_NM='/usr/bin/nm -B'
lt_cv_path_mainfest_tool=no
lt_cv_prog_compiler_c_o=yes
lt_cv_prog_compiler_c_o_CXX=yes
lt_cv_prog_compiler_pic='-fPIC -DPIC'
lt_cv_prog_compiler_pic_CXX='-fPIC -DPIC'
lt_cv_prog_compiler_pic_works=yes
lt_cv_prog_compiler_pic_works_CXX=yes
lt_cv_prog_compiler_rtti_exceptions=no
lt_cv_prog_compiler_static_works=yes
lt_cv_prog_compiler_static_works_CXX=yes
lt_cv_prog_gnu_ld=yes
lt_cv_prog_gnu_ldcxx=yes
lt_cv_sharedlib_from_linklib_cmd='printf %s\n'
lt_cv_shlibpath_overrides_runpath=no
lt_cv_sys_global_symbol_pipe='sed -n -e '\''s/^.*[	 ]\([ABCDGIRSTW][ABCDGIRSTW]*\)[	 ][	 ]*\([_A-Za-z][_A-Za-z0-9]*\)$/\1 \2 \2/p'\'' | sed '\''/ __gnu_lto/d'\'''
lt_cv_sys_global_symbol_to_c_name_address='sed -n -e '\''s/^: \(.*\) .*$/  {"\1", (void *) 0},/p'\'' -e '\''s/^[ABCDGIRSTW][ABCDGIRSTW]* .* \(.*\)$/  {"\1", (void *) \&\1},/p'\'''
lt_cv_sys_global_symbol_to_c_name_address_lib_prefix='sed -n -e '\''s/^: \(.*\) .*$/  {"\1", (void *) 0},/p'\'' -e '\''s/^[ABCDGIRSTW][ABCDGIRSTW]* .* \(lib.*\)$/  {"\1", (void *) \&\1},/p'\'' -e '\''s/^[ABCDGIRSTW][ABCDGIRSTW]* .* \(.*\)$/  {"lib\1", (void *) \&\1},/p'\'''
lt_cv_sys_global_symbol_to_cdecl='sed -n -e '\''s/^T .* \(.*\)$/extern int \1();/p'\'' -e '\''s/^[ABCDGIRSTW][ABCDGIRSTW]* .* \(.*\)$/extern char \1;/p'\'''
lt_cv_sys_global_symbol_to_import=
lt_cv_sys_max_cmd_len=1572864
lt_cv_to_host_file_cmd=func_convert_file_noop
lt_cv_to_tool_file_cmd=func_convert_file_noop
lt_cv_truncate_bin='/bin/dd bs=4096 count=1'
pgac_cv_type_int64_t_64=no
pgac_cv_type_long_long_int_64=yes

## ----------------- ##
## Output variables. ##
## ----------------- ##

ACLOCAL='${SHELL} /home/quixom/projects/geo_projs/world/data/geos-3.5.1/missing aclocal-1.15'
ALLOCA=''
AMDEPBACKSLASH='\'
AMDEP_FALSE='#'
AMDEP_TRUE=''
AMTAR='$${TAR-tar}'
AM_BACKSLASH='\'
AM_CFLAGS='  -pedantic -Wall -ansi -Wno-long-long  -ffloat-store'
AM_CXXFLAGS=' -DGEOS_INLINE  -pedantic -Wall -ansi -Wno-long-long  -ffloat-store'
AM_DEFAULT_V='$(AM_DEFAULT_VERBOSITY)'
AM_DEFAULT_VERBOSITY='1'
AM_V='$(V)'
AR='ar'
AS='as'
AUTOCONF='${SHELL} /home/quixom/projects/geo_projs/world/data/geos-3.5.1/missing autoconf'
AUTOHEADER='${SHELL} /home/quixom/projects/geo_projs/world/data/geos-3.5.1/missing autoheader'
AUTOMAKE='${SHELL} /home/quixom/projects/geo_projs/world/data/geos-3.5.1/missing automake-1.15'
AWK='mawk'
CAPI_INTERFACE_AGE='9'
CAPI_INTERFACE_CURRENT='10'
CAPI_INTERFACE_REVISION='1'
CAPI_VERSION='1.9.1'
CAPI_VERSION_MAJOR='1'
CAPI_VERSION_MINOR='9'
CAPI_VERSION_PATCH='1'
CC='gcc'
CCDEPMODE='depmode=gcc3'
CFLAGS='-g -O2'
CPP='gcc -E'
CPPFLAGS=''
CXX='g++'
CXXCPP='g++ -E'
CXXDEPMODE='depmode=gcc3'
CXXFLAGS='-g -O2'
CYGPATH_W='echo'
DEFS='-DHAVE_CONFIG_H'
DEPDIR='.deps'
DLLTOOL='dlltool'
DSYMUTIL=''
DUMPBIN=''
ECHO_C=''
ECHO_N='-n'
ECHO_T=''
EGREP='/bin/grep -E'
ENABLE_PHP_FALSE=''
ENABLE_PHP_TRUE='#'
ENABLE_PYTHON_FALSE=''
ENABLE_PYTHON_TRUE='#'
ENABLE_RUBY_FALSE=''
ENABLE_RUBY_TRUE='#'
ENABLE_SWIG_FALSE=''
ENABLE_SWIG_TRUE='#'
EXEEXT=''
FGREP='/bin/grep -F'
GREP='/bin/grep'
HAVE_PHP_FALSE=''
HAVE_PHP_TRUE='#'
HAVE_PHP_UNIT_FALSE=''
HAVE_PHP_UNIT_TRUE='#'
INLINE_FLAGS='-DGEOS_INLINE'
INSTALL_DATA='${INSTALL} -m 644'
INSTALL_PROGRAM='${INSTALL}'
INSTALL_SCRIPT='${INSTALL}'
INSTALL_STRIP_PROGRAM='$(install_sh) -c -s'
INTERFACE_AGE=''
INTERFACE_CURRENT=''
INTERFACE_REVISION=''
JTS_PORT='1.13.0'
LD='/usr/bin/ld -m elf_x86_64'
LDFLAGS=''
LIBOBJS=''
LIBS=''
LIBTOOL='$(SHELL) $(top_builddir)/libtool'
LIPO=''
LN_S='ln -s'
LTLIBOBJS=''
LT_SYS_LIBRARY_PATH=''
MAINT='#'
MAINTAINER_MODE_FALSE=''
MAINTAINER_MODE_TRUE='#'
MAKEINFO='${SHELL} /home/quixom/projects/geo_projs/world/data/geos-3.5.1/missing makeinfo'
MANIFEST_TOOL=':'
MKDIR_P='/bin/mkdir -p'
NM='/usr/bin/nm -B'
NMEDIT=''
OBJDUMP='objdump'
OBJEXT='o'
OTOOL64=''
OTOOL=''
PACKAGE='geos'
PACKAGE_BUGREPORT=''
PACKAGE_NAME=''
PACKAGE_STRING=''
PACKAGE_TARNAME=''
PACKAGE_URL=''
PACKAGE_VERSION=''
PATH_SEPARATOR=':'
PHP=''
PHPUNIT=''
PHP_CONFIG=''
PYTHON=''
PYTHON_CPPFLAGS=''
PYTHON_EXEC_PREFIX=''
PYTHON_EXTRA_LIBS=''
PYTHON_LDFLAGS=''
PYTHON_PLATFORM=''
PYTHON_PREFIX=''
PYTHON_SITE_PKG=''
PYTHON_VERSION=''
RANLIB='ranlib'
RUBY=''
RUBY_BIN_DIR=''
RUBY_EXTENSION_DIR=''
RUBY_INCLUDE_DIR=''
RUBY_LIB_DIR=''
RUBY_SHARED_LIB=''
RUBY_SITE_ARCH=''
RUBY_SO_NAME=''
RUBY_VERSION=''
SED='/bin/sed'
SET_MAKE=''
SHELL='/bin/bash'
STRIP='strip'
SWIG=''
SWIG_LIB=''
SWIG_PYTHON_CPPFLAGS=''
SWIG_PYTHON_OPT=''
VERSION='3.5.1'
VERSION_MAJOR='3'
VERSION_MINOR='5'
VERSION_PATCH='1'
ac_ct_AR='ar'
ac_ct_CC='gcc'
ac_ct_CXX='g++'
ac_ct_DUMPBIN=''
am__EXEEXT_FALSE=''
am__EXEEXT_TRUE='#'
am__fastdepCC_FALSE='#'
am__fastdepCC_TRUE=''
am__fastdepCXX_FALSE='#'
am__fastdepCXX_TRUE=''
am__include='include'
am__isrc=''
am__leading_dot='.'
am__nodep='_no'
am__quote=''
am__tar='$${TAR-tar} chof - "$$tardir"'
am__untar='$${TAR-tar} xf -'
bindir='${exec_prefix}/bin'
build='x86_64-pc-linux-gnu'
build_alias=''
build_cpu='x86_64'
build_os='linux-gnu'
build_vendor='pc'
datadir='${datarootdir}'
datarootdir='${prefix}/share'
docdir='${datarootdir}/doc/${PACKAGE}'
dvidir='${docdir}'
exec_prefix='${prefix}'
host='x86_64-pc-linux-gnu'
host_alias=''
host_cpu='x86_64'
host_os='linux-gnu'
host_vendor='pc'
htmldir='${docdir}'
includedir='${prefix}/include'
infodir='${datarootdir}/info'
install_sh='${SHELL} /home/quixom/projects/geo_projs/world/data/geos-3.5.1/install-sh'
libdir='${exec_prefix}/lib'
libexecdir='${exec_prefix}/libexec'
localedir='${datarootdir}/locale'
localstatedir='${prefix}/var'
mandir='${datarootdir}/man'
mkdir_p='$(MKDIR_P)'
oldincludedir='/usr/include'
pdfdir='${docdir}'
pkgpyexecdir=''
pkgpythondir=''
prefix='/usr/local'
program_transform_name='s,x,x,'
psdir='${docdir}'
pyexecdir=''
pythondir=''
runstatedir='${localstatedir}/run'
sbindir='${exec_prefix}/sbin'
sharedstatedir='${prefix}/com'
sysconfdir='${prefix}/etc'
target='x86_64-pc-linux-gnu'
target_alias=''
target_cpu='x86_64'
target_os='linux-gnu'
target_vendor='pc'

## ----------- ##
## confdefs.h. ##
## ----------- ##

/* confdefs.h */
#define PACKAGE_NAME ""
#define PACKAGE_TARNAME ""
#define PACKAGE_VERSION ""
#define PACKAGE_STRING ""
#define PACKAGE_BUGREPORT ""
#define PACKAGE_URL ""
#define STDC_HEADERS 1
#define HAVE_SYS_TYPES_H 1
#define HAVE_SYS_STAT_H 1
#define HAVE_STDLIB_H 1
#define HAVE_STRING_H 1
#define HAVE_MEMORY_H 1
#define HAVE_STRINGS_H 1
#define HAVE_INTTYPES_H 1
#define HAVE_STDINT_H 1
#define HAVE_UNISTD_H 1
#define HAVE_DLFCN_H 1
#define LT_OBJDIR ".libs/"
#define HAVE_DIRENT_H 1
#define HAVE_STRFTIME 1
#define HAVE_VPRINTF 1
#define HAVE_ALLOCA_H 1
#define HAVE_ALLOCA 1
#define HAVE_DIRENT_H 1
#define STDC_HEADERS 1
#define HAVE_MEMORY_H 1
#define HAVE_UNISTD_H 1
#define HAVE_SYS_FILE_H 1
#define HAVE_SYS_TIME_H 1
#define HAVE_STRCHR 1
#define HAVE_MEMCPY 1
#define HAVE_GETTIMEOFDAY 1
#define HAVE_FINITE 1
#define HAVE_ISFINITE 1
#define HAVE_ISNAN 1
#define HAVE_LONG_LONG_INT_64 1

configure: exit 0
